INFO:2019-03-11 11:19:35,947:logger:********* IN LAUNCH INTENT *************
INFO:2019-03-11 11:19:35,950:logger:Welcome to the trt quiz. Game is started
INFO:2019-03-11 11:20:46,326:logger:********* IN LAUNCH INTENT *************
INFO:2019-03-11 11:20:46,328:logger:Welcome to the trt quiz. Game is started
INFO:2019-03-11 11:20:46,329:logger:Welcome to the TRT QUIZ, You are going to face many challenging questions of         GK. First tell me how many players want to play quiz? maximum five players are         allowed at a time.
INFO:2019-03-11 11:22:36,620:logger:********* IN PLAYER COUNT INTENT *************
INFO:2019-03-11 11:22:36,620:logger:players count: -1
INFO:2019-03-11 11:29:28,677:logger:********* IN PLAYER COUNT INTENT *************
INFO:2019-03-11 11:29:28,680:logger:players count: -1
INFO:2019-03-11 11:51:16,221:logger:********* IN PLAYER COUNT INTENT *************
INFO:2019-03-11 11:51:16,222:logger:players count: -1
INFO:2019-03-11 12:25:07,509:logger:********* IN LAUNCH INTENT *************
INFO:2019-03-11 12:25:07,511:logger:Welcome to the trt quiz. Game is started
INFO:2019-03-11 12:25:07,512:logger:Welcome to the TRT QUIZ, You are going to face many challenging questions of         GK. First tell me how many players want to play quiz? maximum five players are         allowed at a time.
INFO:2019-03-11 12:25:25,634:logger:********* IN PLAYER NAME INTENT *************
INFO:2019-03-11 12:25:25,635:logger:players name: Chirag
ERROR:2019-03-11 12:25:25,636:logger:'total_players'
Traceback (most recent call last):
  File "challenges.py", line 60, in handle_players_info
    if quiz_instance.track_player_count():
  File "/home/trt/Projects/alexa/alexa_flask_ask/alexa_challenges/utils.py", line 35, in track_player_count
    return speech_text if not self.attr['total_players'] else None
KeyError: 'total_players'
INFO:2019-03-11 12:28:09,502:logger:********* IN PLAYER NAME INTENT *************
INFO:2019-03-11 12:28:09,506:logger:players name: Chirag
INFO:2019-03-11 12:37:43,533:logger:********* IN LAUNCH INTENT *************
INFO:2019-03-11 12:37:43,534:logger:Welcome to the trt quiz. Game is started
INFO:2019-03-11 12:37:43,534:logger:Welcome to the TRT QUIZ, You are going to face many challenging questions of         GK. First tell me how many players want to play quiz? maximum five players are         allowed at a time.
INFO:2019-03-11 12:37:51,334:logger:********* IN QUIZ BEGIN INTENT *************
ERROR:2019-03-11 12:37:51,334:logger:must be str, not NoneType
Traceback (most recent call last):
  File "challenges.py", line 92, in quiz_beginning
    info_logger('user is ready or not: '+ready_or_not)
TypeError: must be str, not NoneType
INFO:2019-03-11 12:38:11,201:logger:********* IN AMAZON FALLBACK INTENT *************
INFO:2019-03-11 12:39:40,827:logger:********* IN QUESTION ANSWER INTENT *************
INFO:2019-03-11 12:39:40,828:logger:user answer is: option a
INFO:2019-03-11 12:41:01,906:logger:********* IN LAUNCH INTENT *************
INFO:2019-03-11 12:41:01,906:logger:Welcome to the trt quiz. Game is started
INFO:2019-03-11 12:41:01,907:logger:Welcome to the TRT QUIZ, You are going to face many challenging questions of         GK. First tell me how many players want to play quiz? maximum five players are         allowed at a time.
INFO:2019-03-11 12:41:15,715:logger:********* IN PLAYER NAME INTENT *************
INFO:2019-03-11 12:41:36,418:logger:********* IN AMAZON FALLBACK INTENT *************
INFO:2019-03-11 12:42:09,685:logger:********* IN QUESTION ANSWER INTENT *************
INFO:2019-03-11 12:42:09,686:logger:user answer is: option a
INFO:2019-03-11 12:42:25,367:logger:********* IN QUESTION ANSWER INTENT *************
INFO:2019-03-11 12:42:25,368:logger:user answer is: option a
INFO:2019-03-11 12:42:42,877:logger:********* IN PLAYER NAME INTENT *************
INFO:2020-10-10 23:46:33,368:logger:********* IN LAUNCH INTENT *************
INFO:2020-10-10 23:46:33,369:logger:Welcome to the trt quiz. Game is started
INFO:2020-10-10 23:46:33,369:logger:<speak><audio src='soundbank://soundlibrary/musical/amzn_sfx_drum_and_cymbal_02'/>Welcome to the QUIZ, You are going to face many challenging questions of         GK. First tell me how many players want to play quiz? maximum five players are         allowed at a time.</speak>
INFO:2020-10-10 23:47:35,805:logger:********* IN PLAYER COUNT INTENT *************
INFO:2020-10-10 23:47:35,806:logger:players count: 1
INFO:2020-10-10 23:48:58,450:logger:********* IN PLAYER NAME INTENT *************
INFO:2020-10-10 23:48:58,450:logger:{'type': 'IntentRequest', 'requestId': 'amzn1.echo-api.request.6aac0725-d141-41f8-8edb-b96e94eb9197', 'locale': 'en-IN', 'timestamp': '2020-10-10T18:18:56Z', 'intent': {'name': 'PlayersNameIntent', 'confirmationStatus': 'NONE', 'slots': {'name': {'name': 'name', 'value': 'John', 'confirmationStatus': 'NONE', 'source': 'USER', 'slotValue': {'type': 'Simple', 'value': 'John'}}, 'number': {'name': 'number', 'confirmationStatus': 'NONE'}}}, 'dialogState': 'STARTED'}
INFO:2020-10-10 23:48:58,451:logger:players name: John
INFO:2020-10-10 23:49:25,505:logger:********* IN QUIZ BEGIN INTENT *************
INFO:2020-10-10 23:49:25,505:logger:{'type': 'IntentRequest', 'requestId': 'amzn1.echo-api.request.d6fbb7f4-f515-4430-92fa-0df3faf3706c', 'locale': 'en-IN', 'timestamp': '2020-10-10T18:19:23Z', 'intent': {'name': 'QuizBeginIntent', 'confirmationStatus': 'NONE', 'slots': {'ready_or_not': {'name': 'ready_or_not', 'value': 'I am ready', 'resolutions': {'resolutionsPerAuthority': [{'authority': 'amzn1.er-authority.echo-sdk.amzn1.ask.skill.6fe2df4b-f525-4418-b873-82d8c4824da9.ready_or_not', 'status': {'code': 'ER_SUCCESS_MATCH'}, 'values': [{'value': {'name': 'I am ready', 'id': '60112074bdbb8840bd6117cb8c6c2e69'}}, {'value': {'name': 'yes I am ready', 'id': '0a4216d7da871614f325deea5a657cb3'}}, {'value': {'name': 'I am always ready', 'id': 'a09d41df9cff1a5bef21029bdb8b83af'}}]}]}, 'confirmationStatus': 'NONE', 'source': 'USER', 'slotValue': {'type': 'Simple', 'value': 'I am ready', 'resolutions': {'resolutionsPerAuthority': [{'authority': 'amzn1.er-authority.echo-sdk.amzn1.ask.skill.6fe2df4b-f525-4418-b873-82d8c4824da9.ready_or_not', 'status': {'code': 'ER_SUCCESS_MATCH'}, 'values': [{'value': {'name': 'I am ready', 'id': '60112074bdbb8840bd6117cb8c6c2e69'}}, {'value': {'name': 'yes I am ready', 'id': '0a4216d7da871614f325deea5a657cb3'}}, {'value': {'name': 'I am always ready', 'id': 'a09d41df9cff1a5bef21029bdb8b83af'}}]}]}}}}}, 'dialogState': 'STARTED'}
INFO:2020-10-10 23:49:25,506:logger:user is ready or not: I am ready
INFO:2020-10-10 23:49:27,397:logger:['What does a milliner make and sell? A. Shoes, B. Belts, C. Hats, D.Shirts', 'A factiod is what? A. Useless trivia, B. A falsehood, C. A tiny fact, D.A scientific figure', 'Amsterdam Centraal station is twinned with what station? A. London Liverpool Street, B. Frankfurt (Main) Hauptbahnhof, C. Paris Gare du Nord, D.Brussels Midi', 'Which American manufactured submachine gun was informally known by the American soldiers that used it as &quot;Grease Gun&quot;? A. Colt 9mm, B. M3, C. Thompson, D.MAC-10', 'How many furlongs are there in a mile? A. Eight, B. Two, C. Four, D.Six']
INFO:2020-10-10 23:49:27,397:logger:1
INFO:2020-10-10 23:49:27,398:logger:What does a milliner make and sell? A. Shoes, B. Belts, C. Hats, D.Shirts
INFO:2020-10-10 23:56:18,347:logger:********* IN QUESTION ANSWER INTENT *************
INFO:2020-10-10 23:56:18,348:logger:{'type': 'IntentRequest', 'requestId': 'amzn1.echo-api.request.8b544e20-e85f-418b-b0b8-81cfc7abdfcb', 'locale': 'en-IN', 'timestamp': '2020-10-10T18:26:16Z', 'intent': {'name': 'QuestionAnswerIntent', 'confirmationStatus': 'NONE', 'slots': {'answer': {'name': 'answer', 'value': 'a', 'resolutions': {'resolutionsPerAuthority': [{'authority': 'amzn1.er-authority.echo-sdk.amzn1.ask.skill.6fe2df4b-f525-4418-b873-82d8c4824da9.answers', 'status': {'code': 'ER_SUCCESS_MATCH'}, 'values': [{'value': {'name': 'A', 'id': '7fc56270e7a70fa81a5935b72eacbe29'}}]}]}, 'confirmationStatus': 'NONE', 'source': 'USER', 'slotValue': {'type': 'Simple', 'value': 'a', 'resolutions': {'resolutionsPerAuthority': [{'authority': 'amzn1.er-authority.echo-sdk.amzn1.ask.skill.6fe2df4b-f525-4418-b873-82d8c4824da9.answers', 'status': {'code': 'ER_SUCCESS_MATCH'}, 'values': [{'value': {'name': 'A', 'id': '7fc56270e7a70fa81a5935b72eacbe29'}}]}]}}}}}, 'dialogState': 'STARTED'}
INFO:2020-10-10 23:56:18,348:logger:user answer is: a
INFO:2020-10-10 23:56:18,349:logger:['A factiod is what? A. Useless trivia, B. A falsehood, C. A tiny fact, D.A scientific figure', 'Amsterdam Centraal station is twinned with what station? A. London Liverpool Street, B. Frankfurt (Main) Hauptbahnhof, C. Paris Gare du Nord, D.Brussels Midi', 'How many furlongs are there in a mile? A. Eight, B. Two, C. Four, D.Six', 'What does a milliner make and sell? A. Shoes, B. Belts, C. Hats, D.Shirts', 'Which American manufactured submachine gun was informally known by the American soldiers that used it as &quot;Grease Gun&quot;? A. Colt 9mm, B. M3, C. Thompson, D.MAC-10']
INFO:2020-10-10 23:56:18,349:logger:1
INFO:2020-10-10 23:56:18,349:logger:Amsterdam Centraal station is twinned with what station? A. London Liverpool Street, B. Frankfurt (Main) Hauptbahnhof, C. Paris Gare du Nord, D.Brussels Midi
INFO:2020-10-10 23:56:18,349:logger:<speak><audio src='soundbank://soundlibrary/ui/gameshow/amzn_ui_sfx_gameshow_negative_response_02'/>oops! sorry you are wrong this time. The correct answer is option c Hats.  okay let's move on to the next question for John<audio src='soundbank://soundlibrary/musical/amzn_sfx_bell_med_chime_02'/> Tell me Amsterdam Centraal station is twinned with what station? A. London Liverpool Street, B. Frankfurt (Main) Hauptbahnhof, C. Paris Gare du Nord, D.Brussels Midi</speak>
INFO:2020-10-10 23:57:20,136:logger:********* IN QUESTION ANSWER INTENT *************
INFO:2020-10-10 23:57:20,137:logger:{'type': 'IntentRequest', 'requestId': 'amzn1.echo-api.request.934389fb-c01c-4711-a174-56c5c2a612cf', 'locale': 'en-IN', 'timestamp': '2020-10-10T18:27:18Z', 'intent': {'name': 'QuestionAnswerIntent', 'confirmationStatus': 'NONE', 'slots': {'answer': {'name': 'answer', 'value': 'C', 'resolutions': {'resolutionsPerAuthority': [{'authority': 'amzn1.er-authority.echo-sdk.amzn1.ask.skill.6fe2df4b-f525-4418-b873-82d8c4824da9.answers', 'status': {'code': 'ER_SUCCESS_MATCH'}, 'values': [{'value': {'name': 'C', 'id': '0d61f8370cad1d412f80b84d143e1257'}}]}]}, 'confirmationStatus': 'NONE', 'source': 'USER', 'slotValue': {'type': 'Simple', 'value': 'C', 'resolutions': {'resolutionsPerAuthority': [{'authority': 'amzn1.er-authority.echo-sdk.amzn1.ask.skill.6fe2df4b-f525-4418-b873-82d8c4824da9.answers', 'status': {'code': 'ER_SUCCESS_MATCH'}, 'values': [{'value': {'name': 'C', 'id': '0d61f8370cad1d412f80b84d143e1257'}}]}]}}}}}, 'dialogState': 'STARTED'}
INFO:2020-10-10 23:57:20,138:logger:user answer is: C
INFO:2020-10-10 23:57:20,138:logger:['A factiod is what? A. Useless trivia, B. A falsehood, C. A tiny fact, D.A scientific figure', 'Amsterdam Centraal station is twinned with what station? A. London Liverpool Street, B. Frankfurt (Main) Hauptbahnhof, C. Paris Gare du Nord, D.Brussels Midi', 'How many furlongs are there in a mile? A. Eight, B. Two, C. Four, D.Six', 'What does a milliner make and sell? A. Shoes, B. Belts, C. Hats, D.Shirts', 'Which American manufactured submachine gun was informally known by the American soldiers that used it as &quot;Grease Gun&quot;? A. Colt 9mm, B. M3, C. Thompson, D.MAC-10']
INFO:2020-10-10 23:57:20,139:logger:2
INFO:2020-10-10 23:57:20,139:logger:How many furlongs are there in a mile? A. Eight, B. Two, C. Four, D.Six
INFO:2020-10-10 23:57:20,139:logger:<speak><audio src='soundbank://soundlibrary/ui/gameshow/amzn_ui_sfx_gameshow_negative_response_02'/>oops! sorry you are wrong this time. The correct answer is option a London Liverpool Street.  okay let's move on to the next question for John<audio src='soundbank://soundlibrary/musical/amzn_sfx_bell_med_chime_02'/> Tell me How many furlongs are there in a mile? A. Eight, B. Two, C. Four, D.Six</speak>
INFO:2020-10-10 23:58:09,194:logger:********* IN QUESTION ANSWER INTENT *************
INFO:2020-10-10 23:58:09,194:logger:{'type': 'IntentRequest', 'requestId': 'amzn1.echo-api.request.7c24ab36-77d9-48f0-985d-0c27b8caed26', 'locale': 'en-IN', 'timestamp': '2020-10-10T18:28:05Z', 'intent': {'name': 'QuestionAnswerIntent', 'confirmationStatus': 'NONE', 'slots': {'answer': {'name': 'answer', 'value': 'C', 'resolutions': {'resolutionsPerAuthority': [{'authority': 'amzn1.er-authority.echo-sdk.amzn1.ask.skill.6fe2df4b-f525-4418-b873-82d8c4824da9.answers', 'status': {'code': 'ER_SUCCESS_MATCH'}, 'values': [{'value': {'name': 'C', 'id': '0d61f8370cad1d412f80b84d143e1257'}}]}]}, 'confirmationStatus': 'NONE', 'source': 'USER', 'slotValue': {'type': 'Simple', 'value': 'C', 'resolutions': {'resolutionsPerAuthority': [{'authority': 'amzn1.er-authority.echo-sdk.amzn1.ask.skill.6fe2df4b-f525-4418-b873-82d8c4824da9.answers', 'status': {'code': 'ER_SUCCESS_MATCH'}, 'values': [{'value': {'name': 'C', 'id': '0d61f8370cad1d412f80b84d143e1257'}}]}]}}}}}, 'dialogState': 'STARTED'}
INFO:2020-10-10 23:58:09,194:logger:user answer is: C
INFO:2020-10-10 23:58:09,195:logger:['A factiod is what? A. Useless trivia, B. A falsehood, C. A tiny fact, D.A scientific figure', 'Amsterdam Centraal station is twinned with what station? A. London Liverpool Street, B. Frankfurt (Main) Hauptbahnhof, C. Paris Gare du Nord, D.Brussels Midi', 'How many furlongs are there in a mile? A. Eight, B. Two, C. Four, D.Six', 'What does a milliner make and sell? A. Shoes, B. Belts, C. Hats, D.Shirts', 'Which American manufactured submachine gun was informally known by the American soldiers that used it as &quot;Grease Gun&quot;? A. Colt 9mm, B. M3, C. Thompson, D.MAC-10']
INFO:2020-10-10 23:58:09,195:logger:3
INFO:2020-10-10 23:58:09,195:logger:What does a milliner make and sell? A. Shoes, B. Belts, C. Hats, D.Shirts
INFO:2020-10-10 23:58:09,195:logger:<speak><audio src='soundbank://soundlibrary/ui/gameshow/amzn_ui_sfx_gameshow_negative_response_02'/>oops! sorry you are wrong this time. The correct answer is option a Eight.  okay let's move on to the next question for John<audio src='soundbank://soundlibrary/musical/amzn_sfx_bell_med_chime_02'/> Tell me What does a milliner make and sell? A. Shoes, B. Belts, C. Hats, D.Shirts</speak>
INFO:2020-10-11 00:00:23,408:logger:********* IN AMAZON FALLBACK INTENT *************
INFO:2020-10-11 00:01:02,832:logger:********* IN AMAZON FALLBACK INTENT *************
INFO:2020-10-11 00:01:39,523:logger:********* IN QUESTION ANSWER INTENT *************
INFO:2020-10-11 00:01:39,523:logger:{'type': 'IntentRequest', 'requestId': 'amzn1.echo-api.request.0432c3e8-1dd2-4ebd-8ecf-4029b8c7e644', 'locale': 'en-IN', 'timestamp': '2020-10-10T18:31:37Z', 'intent': {'name': 'QuestionAnswerIntent', 'confirmationStatus': 'NONE', 'slots': {'answer': {'name': 'answer', 'value': 'C', 'resolutions': {'resolutionsPerAuthority': [{'authority': 'amzn1.er-authority.echo-sdk.amzn1.ask.skill.6fe2df4b-f525-4418-b873-82d8c4824da9.answers', 'status': {'code': 'ER_SUCCESS_MATCH'}, 'values': [{'value': {'name': 'C', 'id': '0d61f8370cad1d412f80b84d143e1257'}}]}]}, 'confirmationStatus': 'NONE', 'source': 'USER', 'slotValue': {'type': 'Simple', 'value': 'C', 'resolutions': {'resolutionsPerAuthority': [{'authority': 'amzn1.er-authority.echo-sdk.amzn1.ask.skill.6fe2df4b-f525-4418-b873-82d8c4824da9.answers', 'status': {'code': 'ER_SUCCESS_MATCH'}, 'values': [{'value': {'name': 'C', 'id': '0d61f8370cad1d412f80b84d143e1257'}}]}]}}}}}, 'dialogState': 'STARTED'}
INFO:2020-10-11 00:01:39,524:logger:user answer is: C
INFO:2020-10-11 00:01:39,524:logger:['A factiod is what? A. Useless trivia, B. A falsehood, C. A tiny fact, D.A scientific figure', 'Amsterdam Centraal station is twinned with what station? A. London Liverpool Street, B. Frankfurt (Main) Hauptbahnhof, C. Paris Gare du Nord, D.Brussels Midi', 'How many furlongs are there in a mile? A. Eight, B. Two, C. Four, D.Six', 'What does a milliner make and sell? A. Shoes, B. Belts, C. Hats, D.Shirts', 'Which American manufactured submachine gun was informally known by the American soldiers that used it as &quot;Grease Gun&quot;? A. Colt 9mm, B. M3, C. Thompson, D.MAC-10']
INFO:2020-10-11 00:01:39,524:logger:4
INFO:2020-10-11 00:01:39,524:logger:Which American manufactured submachine gun was informally known by the American soldiers that used it as &quot;Grease Gun&quot;? A. Colt 9mm, B. M3, C. Thompson, D.MAC-10
INFO:2020-10-11 00:01:39,524:logger:<speak><audio src='soundbank://soundlibrary/ui/gameshow/amzn_ui_sfx_gameshow_positive_response_03'/>You are absolutely correct. John, Your current score is 10 points. okay let's move on to the next question for John<audio src='soundbank://soundlibrary/musical/amzn_sfx_bell_med_chime_02'/> Tell me Which American manufactured submachine gun was informally known by the American soldiers that used it as quot;Grease Gunquot;? A. Colt 9mm, B. M3, C. Thompson, D.MAC-10</speak>
INFO:2020-10-11 00:02:26,322:logger:********* IN QUESTION ANSWER INTENT *************
INFO:2020-10-11 00:02:26,323:logger:{'type': 'IntentRequest', 'requestId': 'amzn1.echo-api.request.98db328b-2b9e-4fd8-b122-a2a5407af102', 'locale': 'en-IN', 'timestamp': '2020-10-10T18:32:24Z', 'intent': {'name': 'QuestionAnswerIntent', 'confirmationStatus': 'NONE', 'slots': {'answer': {'name': 'answer', 'value': 'D', 'resolutions': {'resolutionsPerAuthority': [{'authority': 'amzn1.er-authority.echo-sdk.amzn1.ask.skill.6fe2df4b-f525-4418-b873-82d8c4824da9.answers', 'status': {'code': 'ER_SUCCESS_MATCH'}, 'values': [{'value': {'name': 'D', 'id': 'f623e75af30e62bbd73d6df5b50bb7b5'}}]}]}, 'confirmationStatus': 'NONE', 'source': 'USER', 'slotValue': {'type': 'Simple', 'value': 'D', 'resolutions': {'resolutionsPerAuthority': [{'authority': 'amzn1.er-authority.echo-sdk.amzn1.ask.skill.6fe2df4b-f525-4418-b873-82d8c4824da9.answers', 'status': {'code': 'ER_SUCCESS_MATCH'}, 'values': [{'value': {'name': 'D', 'id': 'f623e75af30e62bbd73d6df5b50bb7b5'}}]}]}}}}}, 'dialogState': 'STARTED'}
INFO:2020-10-11 00:02:26,323:logger:user answer is: D
INFO:2020-10-11 00:02:26,324:logger:$ Stage one Of quiz is over $
INFO:2020-10-11 00:02:26,324:logger:<speak><audio src='soundbank://soundlibrary/human/amzn_sfx_crowd_applause_02'/>Congrats John, you final score is 10 points. You play very well.         Would you like to continue?</speak>
INFO:2020-10-11 00:02:50,501:logger:********* IN QUIZ BEGIN INTENT *************
INFO:2020-10-11 00:02:50,501:logger:{'type': 'IntentRequest', 'requestId': 'amzn1.echo-api.request.36aa76f5-f5c6-45d5-9753-5ea1307ff7c9', 'locale': 'en-IN', 'timestamp': '2020-10-10T18:32:47Z', 'intent': {'name': 'QuizBeginIntent', 'confirmationStatus': 'NONE', 'slots': {'ready_or_not': {'name': 'ready_or_not', 'value': 'yes', 'resolutions': {'resolutionsPerAuthority': [{'authority': 'amzn1.er-authority.echo-sdk.amzn1.ask.skill.6fe2df4b-f525-4418-b873-82d8c4824da9.ready_or_not', 'status': {'code': 'ER_SUCCESS_MATCH'}, 'values': [{'value': {'name': 'yes', 'id': 'a6105c0a611b41b08f1209506350279e'}}, {'value': {'name': 'yes I am ready', 'id': '0a4216d7da871614f325deea5a657cb3'}}]}]}, 'confirmationStatus': 'NONE', 'source': 'USER', 'slotValue': {'type': 'Simple', 'value': 'yes', 'resolutions': {'resolutionsPerAuthority': [{'authority': 'amzn1.er-authority.echo-sdk.amzn1.ask.skill.6fe2df4b-f525-4418-b873-82d8c4824da9.ready_or_not', 'status': {'code': 'ER_SUCCESS_MATCH'}, 'values': [{'value': {'name': 'yes', 'id': 'a6105c0a611b41b08f1209506350279e'}}, {'value': {'name': 'yes I am ready', 'id': '0a4216d7da871614f325deea5a657cb3'}}]}]}}}}}, 'dialogState': 'STARTED'}
INFO:2020-10-11 00:02:50,502:logger:user is ready or not: yes
INFO:2020-10-11 00:02:52,705:logger:['How many calories are in a 355 ml can of Pepsi Cola? A. 200, B. 100, C. 150, D.155', 'De Eemhof, Port Zelande and Het Heijderbos are holiday villas owned by what company? A. Yelloh Village, B. Center Parcs, C. Keycamp, D.Villa Plus', 'The Canadian $1 coin is colloquially known as a what? A. Loonie, B. Boolie, C. Foolie, D.Moodie', 'Which of the following is not the host of a program on NPR? A. Terry Gross, B. Ben Shapiro, C. Ira Glass, D.Peter Sagal', 'The architect known as Le Corbusier was an important figure in what style of architecture? A. Neoclassical, B. Modernism, C. Baroque, D.Gothic Revival']
INFO:2020-10-11 00:02:52,705:logger:1
INFO:2020-10-11 00:02:52,705:logger:How many calories are in a 355 ml can of Pepsi Cola? A. 200, B. 100, C. 150, D.155
INFO:2020-10-11 12:35:49,181:logger:********* IN LAUNCH INTENT *************
INFO:2020-10-11 12:35:49,182:logger:Welcome to the quiz. Game is started
INFO:2020-10-11 12:35:49,182:logger:<speak><audio src='soundbank://soundlibrary/musical/amzn_sfx_drum_and_cymbal_02'/>Welcome to the QUIZ, You are going to face many challenging questions of         various categories. First tell me which category would you like to choose? choose category from Entertainment, Science,         Mythology, Sports, Geography, History, Politics, Art, Celebrities, Animals, and Vehicles.</speak>
INFO:2020-10-11 12:36:29,348:logger:********* IN CATEGORY INTENT *************
INFO:2020-10-11 12:36:29,348:logger:category name: sports
INFO:2020-10-11 12:36:46,779:logger:********* IN PLAYER COUNT INTENT *************
INFO:2020-10-11 12:36:46,779:logger:players count: 2
INFO:2020-10-11 12:37:09,920:logger:********* IN PLAYER NAME INTENT *************
INFO:2020-10-11 12:37:09,920:logger:{'type': 'IntentRequest', 'requestId': 'amzn1.echo-api.request.1b07ff8f-b0df-4c36-b536-1329b66dee4d', 'locale': 'en-IN', 'timestamp': '2020-10-11T07:07:08Z', 'intent': {'name': 'PlayersNameIntent', 'confirmationStatus': 'NONE', 'slots': {'name': {'name': 'name', 'value': 'sage', 'confirmationStatus': 'NONE', 'source': 'USER', 'slotValue': {'type': 'Simple', 'value': 'sage'}}, 'number': {'name': 'number', 'confirmationStatus': 'NONE'}}}, 'dialogState': 'STARTED'}
INFO:2020-10-11 12:37:09,920:logger:players name: sage
INFO:2020-10-11 12:37:25,790:logger:********* IN PLAYER NAME INTENT *************
INFO:2020-10-11 12:37:25,790:logger:{'type': 'IntentRequest', 'requestId': 'amzn1.echo-api.request.7d4e6b65-586f-464f-abc9-a66074b05080', 'locale': 'en-IN', 'timestamp': '2020-10-11T07:07:23Z', 'intent': {'name': 'PlayersNameIntent', 'confirmationStatus': 'NONE', 'slots': {'name': {'name': 'name', 'value': 'John', 'confirmationStatus': 'NONE', 'source': 'USER', 'slotValue': {'type': 'Simple', 'value': 'John'}}, 'number': {'name': 'number', 'confirmationStatus': 'NONE'}}}, 'dialogState': 'STARTED'}
INFO:2020-10-11 12:37:25,790:logger:players name: John
INFO:2020-10-11 12:37:40,022:logger:********* IN QUIZ BEGIN INTENT *************
INFO:2020-10-11 12:37:40,022:logger:{'type': 'IntentRequest', 'requestId': 'amzn1.echo-api.request.4903d252-0718-449a-b7f6-d6cd2416b0d2', 'locale': 'en-IN', 'timestamp': '2020-10-11T07:07:38Z', 'intent': {'name': 'QuizBeginIntent', 'confirmationStatus': 'NONE', 'slots': {'ready_or_not': {'name': 'ready_or_not', 'value': 'yes', 'resolutions': {'resolutionsPerAuthority': [{'authority': 'amzn1.er-authority.echo-sdk.amzn1.ask.skill.6fe2df4b-f525-4418-b873-82d8c4824da9.ready_or_not', 'status': {'code': 'ER_SUCCESS_MATCH'}, 'values': [{'value': {'name': 'yes', 'id': 'a6105c0a611b41b08f1209506350279e'}}, {'value': {'name': 'yes I am ready', 'id': '0a4216d7da871614f325deea5a657cb3'}}]}]}, 'confirmationStatus': 'NONE', 'source': 'USER', 'slotValue': {'type': 'Simple', 'value': 'yes', 'resolutions': {'resolutionsPerAuthority': [{'authority': 'amzn1.er-authority.echo-sdk.amzn1.ask.skill.6fe2df4b-f525-4418-b873-82d8c4824da9.ready_or_not', 'status': {'code': 'ER_SUCCESS_MATCH'}, 'values': [{'value': {'name': 'yes', 'id': 'a6105c0a611b41b08f1209506350279e'}}, {'value': {'name': 'yes I am ready', 'id': '0a4216d7da871614f325deea5a657cb3'}}]}]}}}}}, 'dialogState': 'STARTED'}
INFO:2020-10-11 12:37:40,023:logger:user is ready or not: yes
ERROR:2020-10-11 12:37:40,023:logger:''
Traceback (most recent call last):
  File "/Users/sahajadlakha/Documents/DEV_ZONE/Alexaquiz-master/alexa_challenges/challenges.py", line 97, in quiz_beginning
    quiz_data = middleware(player_num*5, category_name)
  File "/Users/sahajadlakha/Documents/DEV_ZONE/Alexaquiz-master/alexa_challenges/data.py", line 20, in middleware
    ques=question_amount, category=CATEGORY[category])
KeyError: ''
INFO:2020-10-11 12:38:00,034:logger:********* IN QUIZ BEGIN INTENT *************
INFO:2020-10-11 12:38:00,034:logger:{'type': 'IntentRequest', 'requestId': 'amzn1.echo-api.request.7336454e-2353-4250-8002-af0a8180519d', 'locale': 'en-IN', 'timestamp': '2020-10-11T07:07:58Z', 'intent': {'name': 'QuizBeginIntent', 'confirmationStatus': 'NONE', 'slots': {'ready_or_not': {'name': 'ready_or_not', 'value': 'yes I am ready', 'resolutions': {'resolutionsPerAuthority': [{'authority': 'amzn1.er-authority.echo-sdk.amzn1.ask.skill.6fe2df4b-f525-4418-b873-82d8c4824da9.ready_or_not', 'status': {'code': 'ER_SUCCESS_MATCH'}, 'values': [{'value': {'name': 'yes I am ready', 'id': '0a4216d7da871614f325deea5a657cb3'}}]}]}, 'confirmationStatus': 'NONE', 'source': 'USER', 'slotValue': {'type': 'Simple', 'value': 'yes I am ready', 'resolutions': {'resolutionsPerAuthority': [{'authority': 'amzn1.er-authority.echo-sdk.amzn1.ask.skill.6fe2df4b-f525-4418-b873-82d8c4824da9.ready_or_not', 'status': {'code': 'ER_SUCCESS_MATCH'}, 'values': [{'value': {'name': 'yes I am ready', 'id': '0a4216d7da871614f325deea5a657cb3'}}]}]}}}}}, 'dialogState': 'STARTED'}
INFO:2020-10-11 12:38:00,034:logger:user is ready or not: yes I am ready
ERROR:2020-10-11 12:38:00,034:logger:''
Traceback (most recent call last):
  File "/Users/sahajadlakha/Documents/DEV_ZONE/Alexaquiz-master/alexa_challenges/challenges.py", line 97, in quiz_beginning
    quiz_data = middleware(player_num*5, category_name)
  File "/Users/sahajadlakha/Documents/DEV_ZONE/Alexaquiz-master/alexa_challenges/data.py", line 20, in middleware
    ques=question_amount, category=CATEGORY[category])
KeyError: ''
INFO:2020-10-11 12:42:00,124:logger:********* IN QUIZ BEGIN INTENT *************
INFO:2020-10-11 12:42:00,125:logger:{'type': 'IntentRequest', 'requestId': 'amzn1.echo-api.request.15dd1c3a-8162-4611-abac-ff3bf34905ea', 'locale': 'en-IN', 'timestamp': '2020-10-11T07:11:57Z', 'intent': {'name': 'QuizBeginIntent', 'confirmationStatus': 'NONE', 'slots': {'ready_or_not': {'name': 'ready_or_not', 'value': 'I am ready', 'resolutions': {'resolutionsPerAuthority': [{'authority': 'amzn1.er-authority.echo-sdk.amzn1.ask.skill.6fe2df4b-f525-4418-b873-82d8c4824da9.ready_or_not', 'status': {'code': 'ER_SUCCESS_MATCH'}, 'values': [{'value': {'name': 'I am ready', 'id': '60112074bdbb8840bd6117cb8c6c2e69'}}, {'value': {'name': 'yes I am ready', 'id': '0a4216d7da871614f325deea5a657cb3'}}, {'value': {'name': 'I am always ready', 'id': 'a09d41df9cff1a5bef21029bdb8b83af'}}]}]}, 'confirmationStatus': 'NONE', 'source': 'USER', 'slotValue': {'type': 'Simple', 'value': 'I am ready', 'resolutions': {'resolutionsPerAuthority': [{'authority': 'amzn1.er-authority.echo-sdk.amzn1.ask.skill.6fe2df4b-f525-4418-b873-82d8c4824da9.ready_or_not', 'status': {'code': 'ER_SUCCESS_MATCH'}, 'values': [{'value': {'name': 'I am ready', 'id': '60112074bdbb8840bd6117cb8c6c2e69'}}, {'value': {'name': 'yes I am ready', 'id': '0a4216d7da871614f325deea5a657cb3'}}, {'value': {'name': 'I am always ready', 'id': 'a09d41df9cff1a5bef21029bdb8b83af'}}]}]}}}}}, 'dialogState': 'STARTED'}
INFO:2020-10-11 12:42:00,125:logger:user is ready or not: I am ready
ERROR:2020-10-11 12:42:00,126:logger:''
Traceback (most recent call last):
  File "/Users/sahajadlakha/Documents/DEV_ZONE/Alexaquiz-master/alexa_challenges/challenges.py", line 97, in quiz_beginning
    quiz_data = middleware(player_num*5, category_name)
  File "/Users/sahajadlakha/Documents/DEV_ZONE/Alexaquiz-master/alexa_challenges/data.py", line 20, in middleware
    ques=question_amount, category=CATEGORY[category])
KeyError: ''
